<?xml version="1.0" encoding="UTF-8"?>
<testng-results skipped="0" failed="0" ignored="0" total="1" passed="1">
  <reporter-output>
  </reporter-output>
  <suite name="Default suite" duration-ms="15695" started-at="2018-12-26T05:12:24Z" finished-at="2018-12-26T05:12:39Z">
    <groups>
    </groups>
    <test name="Default test" duration-ms="15695" started-at="2018-12-26T05:12:24Z" finished-at="2018-12-26T05:12:39Z">
      <class name="mavenDemoPackage.MavenDemoClass">
        <test-method status="PASS" signature="TestFireFox()[pri:0, instance:mavenDemoPackage.MavenDemoClass@f6c48ac]" name="TestFireFox" duration-ms="13574" started-at="2018-12-26T05:12:24Z" finished-at="2018-12-26T05:12:37Z">
          <reporter-output>
          </reporter-output>
        </test-method> <!-- TestFireFox -->
        <test-method status="PASS" signature="closeBrowser()[pri:0, instance:mavenDemoPackage.MavenDemoClass@f6c48ac]" name="closeBrowser" is-config="true" duration-ms="2073" started-at="2018-12-26T05:12:37Z" finished-at="2018-12-26T05:12:39Z">
          <reporter-output>
          </reporter-output>
        </test-method> <!-- closeBrowser -->
      </class> <!-- mavenDemoPackage.MavenDemoClass -->
    </test> <!-- Default test -->
  </suite> <!-- Default suite -->
</testng-results>
